# JRE version: OpenJDK Runtime Environment (21.0.8) (build 21.0.8+-14196175-b1038.72)
# Java VM: OpenJDK 64-Bit Server VM (21.0.8+-14196175-b1038.72, mixed mode, tiered, compressed oops, compressed class ptrs, g1 gc, windows-amd64)
GC Precious Log:
 CardTable entry size: 512
 Card Set container configuration: InlinePtr #cards 5 size 8 Array Of Cards #cards 12 size 40 Howl #buckets 4 coarsen threshold 1843 Howl Bitmap #cards 512 size 80 coarsen threshold 460 Card regions per heap region 1 cards per card region 2048
 CPUs: 4 total, 4 available
 Memory: 8097M
 Large Page Support: Disabled
 NUMA Support: Disabled
 Compressed Oops: Enabled (32-bit)
 Heap Region Size: 1M
 Heap Min Capacity: 8M
 Heap Initial Capacity: 128M
 Heap Max Capacity: 2G
 Pre-touch: Disabled
 Parallel Workers: 4
 Concurrent Workers: 1
 Concurrent Refinement Workers: 4
 Periodic GC: Disabled
Heap:
 garbage-first heap   total 493568K, used 388608K [0x0000000080000000, 0x0000000100000000)
  region size 1024K, 10 young (10240K), 10 survivors (10240K)
 Metaspace       used 131296K, committed 133760K, reserved 1179648K
  class space    used 18447K, committed 19648K, reserved 1048576K
GC Heap History (20 events):
Event: 71.860 GC heap after
{Heap after GC invocations=52 (full 0):
 garbage-first heap   total 206848K, used 130572K [0x0000000080000000, 0x0000000100000000)
  region size 1024K, 8 young (8192K), 8 survivors (8192K)
 Metaspace       used 121909K, committed 124416K, reserved 1179648K
  class space    used 17035K, committed 18240K, reserved 1048576K
}
Event: 75.438 GC heap before
{Heap before GC invocations=52 (full 0):
 garbage-first heap   total 206848K, used 165388K [0x0000000080000000, 0x0000000100000000)
  region size 1024K, 44 young (45056K), 8 survivors (8192K)
 Metaspace       used 122257K, committed 124672K, reserved 1179648K
  class space    used 17079K, committed 18240K, reserved 1048576K
}
Event: 75.467 GC heap after
{Heap after GC invocations=53 (full 0):
 garbage-first heap   total 206848K, used 134207K [0x0000000080000000, 0x0000000100000000)
  region size 1024K, 8 young (8192K), 8 survivors (8192K)
 Metaspace       used 122257K, committed 124672K, reserved 1179648K
  class space    used 17079K, committed 18240K, reserved 1048576K
}
Event: 80.696 GC heap before
{Heap before GC invocations=54 (full 0):
 garbage-first heap   total 270336K, used 216127K [0x0000000080000000, 0x0000000100000000)
  region size 1024K, 56 young (57344K), 8 survivors (8192K)
 Metaspace       used 125503K, committed 128000K, reserved 1179648K
  class space    used 17537K, committed 18752K, reserved 1048576K
}
Event: 80.724 GC heap after
{Heap after GC invocations=55 (full 0):
 garbage-first heap   total 270336K, used 174238K [0x0000000080000000, 0x0000000100000000)
  region size 1024K, 7 young (7168K), 7 survivors (7168K)
 Metaspace       used 125503K, committed 128000K, reserved 1179648K
  class space    used 17537K, committed 18752K, reserved 1048576K
}
Event: 81.730 GC heap before
{Heap before GC invocations=55 (full 0):
 garbage-first heap   total 274432K, used 272542K [0x0000000080000000, 0x0000000100000000)
  region size 1024K, 38 young (38912K), 7 survivors (7168K)
 Metaspace       used 127608K, committed 130048K, reserved 1179648K
  class space    used 17808K, committed 19008K, reserved 1048576K
}
Event: 81.751 GC heap after
{Heap after GC invocations=56 (full 0):
 garbage-first heap   total 290816K, used 206966K [0x0000000080000000, 0x0000000100000000)
  region size 1024K, 7 young (7168K), 7 survivors (7168K)
 Metaspace       used 127608K, committed 130048K, reserved 1179648K
  class space    used 17808K, committed 19008K, reserved 1048576K
}
Event: 81.769 GC heap before
{Heap before GC invocations=56 (full 0):
 garbage-first heap   total 290816K, used 206966K [0x0000000080000000, 0x0000000100000000)
  region size 1024K, 9 young (9216K), 7 survivors (7168K)
 Metaspace       used 127615K, committed 130048K, reserved 1179648K
  class space    used 17808K, committed 19008K, reserved 1048576K
}
Event: 81.778 GC heap after
{Heap after GC invocations=57 (full 0):
 garbage-first heap   total 290816K, used 207420K [0x0000000080000000, 0x0000000100000000)
  region size 1024K, 2 young (2048K), 2 survivors (2048K)
 Metaspace       used 127615K, committed 130048K, reserved 1179648K
  class space    used 17808K, committed 19008K, reserved 1048576K
}
Event: 84.135 GC heap before
{Heap before GC invocations=58 (full 0):
 garbage-first heap   total 380928K, used 277052K [0x0000000080000000, 0x0000000100000000)
  region size 1024K, 51 young (52224K), 2 survivors (2048K)
 Metaspace       used 128061K, committed 130560K, reserved 1179648K
  class space    used 17858K, committed 19072K, reserved 1048576K
}
Event: 84.198 GC heap after
{Heap after GC invocations=59 (full 0):
 garbage-first heap   total 380928K, used 233242K [0x0000000080000000, 0x0000000100000000)
  region size 1024K, 7 young (7168K), 7 survivors (7168K)
 Metaspace       used 128061K, committed 130560K, reserved 1179648K
  class space    used 17858K, committed 19072K, reserved 1048576K
}
Event: 85.289 GC heap before
{Heap before GC invocations=59 (full 0):
 garbage-first heap   total 380928K, used 324378K [0x0000000080000000, 0x0000000100000000)
  region size 1024K, 91 young (93184K), 7 survivors (7168K)
 Metaspace       used 128202K, committed 130688K, reserved 1179648K
  class space    used 17859K, committed 19072K, reserved 1048576K
}
Event: 85.393 GC heap after
{Heap after GC invocations=60 (full 0):
 garbage-first heap   total 380928K, used 269824K [0x0000000080000000, 0x0000000100000000)
  region size 1024K, 12 young (12288K), 12 survivors (12288K)
 Metaspace       used 128202K, committed 130688K, reserved 1179648K
  class space    used 17859K, committed 19072K, reserved 1048576K
}
Event: 86.566 GC heap before
{Heap before GC invocations=60 (full 0):
 garbage-first heap   total 380928K, used 322048K [0x0000000080000000, 0x0000000100000000)
  region size 1024K, 65 young (66560K), 12 survivors (12288K)
 Metaspace       used 130070K, committed 132544K, reserved 1179648K
  class space    used 18308K, committed 19520K, reserved 1048576K
}
Event: 86.702 GC heap after
{Heap after GC invocations=61 (full 0):
 garbage-first heap   total 380928K, used 288256K [0x0000000080000000, 0x0000000100000000)
  region size 1024K, 9 young (9216K), 9 survivors (9216K)
 Metaspace       used 130070K, committed 132544K, reserved 1179648K
  class space    used 18308K, committed 19520K, reserved 1048576K
}
Event: 88.518 GC heap before
{Heap before GC invocations=62 (full 0):
 garbage-first heap   total 493568K, used 344576K [0x0000000080000000, 0x0000000100000000)
  region size 1024K, 58 young (59392K), 9 survivors (9216K)
 Metaspace       used 131164K, committed 133632K, reserved 1179648K
  class space    used 18431K, committed 19648K, reserved 1048576K
}
Event: 88.651 GC heap after
{Heap after GC invocations=63 (full 0):
 garbage-first heap   total 493568K, used 315904K [0x0000000080000000, 0x0000000100000000)
  region size 1024K, 8 young (8192K), 8 survivors (8192K)
 Metaspace       used 131164K, committed 133632K, reserved 1179648K
  class space    used 18431K, committed 19648K, reserved 1048576K
}
Event: 90.413 GC heap before
{Heap before GC invocations=63 (full 0):
 garbage-first heap   total 493568K, used 396800K [0x0000000080000000, 0x0000000100000000)
  region size 1024K, 88 young (90112K), 8 survivors (8192K)
 Metaspace       used 131191K, committed 133696K, reserved 1179648K
  class space    used 18432K, committed 19648K, reserved 1048576K
}
Event: 90.550 GC heap after
{Heap after GC invocations=64 (full 0):
 garbage-first heap   total 493568K, used 356864K [0x0000000080000000, 0x0000000100000000)
  region size 1024K, 11 young (11264K), 11 survivors (11264K)
 Metaspace       used 131191K, committed 133696K, reserved 1179648K
  class space    used 18432K, committed 19648K, reserved 1048576K
}
Event: 91.045 GC heap before
{Heap before GC invocations=64 (full 0):
 garbage-first heap   total 493568K, used 419328K [0x0000000080000000, 0x0000000100000000)
  region size 1024K, 73 young (74752K), 11 survivors (11264K)
 Metaspace       used 131296K, committed 133760K, reserved 1179648K
  class space    used 18447K, committed 19648K, reserved 1048576K
}

