# JRE version: OpenJDK Runtime Environment (21.0.8) (build 21.0.8+-14196175-b1038.72)
# Java VM: OpenJDK 64-Bit Server VM (21.0.8+-14196175-b1038.72, mixed mode, tiered, compressed oops, compressed class ptrs, g1 gc, windows-amd64)
GC Precious Log:
 CardTable entry size: 512
 Card Set container configuration: InlinePtr #cards 5 size 8 Array Of Cards #cards 12 size 40 Howl #buckets 4 coarsen threshold 1843 Howl Bitmap #cards 512 size 80 coarsen threshold 460 Card regions per heap region 1 cards per card region 2048
 CPUs: 4 total, 4 available
 Memory: 8097M
 Large Page Support: Disabled
 NUMA Support: Disabled
 Compressed Oops: Enabled (32-bit)
 Heap Region Size: 1M
 Heap Min Capacity: 8M
 Heap Initial Capacity: 128M
 Heap Max Capacity: 2G
 Pre-touch: Disabled
 Parallel Workers: 4
 Concurrent Workers: 1
 Concurrent Refinement Workers: 4
 Periodic GC: Disabled
Heap:
 garbage-first heap   total 410624K, used 277504K [0x0000000080000000, 0x0000000100000000)
  region size 1024K, 3 young (3072K), 3 survivors (3072K)
 Metaspace       used 128640K, committed 131136K, reserved 1179648K
  class space    used 17903K, committed 19072K, reserved 1048576K
GC Heap History (20 events):
Event: 55.973 GC heap after
{Heap after GC invocations=42 (full 0):
 garbage-first heap   total 178176K, used 109568K [0x0000000080000000, 0x0000000100000000)
  region size 1024K, 8 young (8192K), 8 survivors (8192K)
 Metaspace       used 114153K, committed 116416K, reserved 1179648K
  class space    used 15937K, committed 17024K, reserved 1048576K
}
Event: 59.463 GC heap before
{Heap before GC invocations=42 (full 0):
 garbage-first heap   total 178176K, used 158720K [0x0000000080000000, 0x0000000100000000)
  region size 1024K, 57 young (58368K), 8 survivors (8192K)
 Metaspace       used 118965K, committed 121344K, reserved 1179648K
  class space    used 16671K, committed 17856K, reserved 1048576K
}
Event: 59.489 GC heap after
{Heap after GC invocations=43 (full 0):
 garbage-first heap   total 178176K, used 116571K [0x0000000080000000, 0x0000000100000000)
  region size 1024K, 6 young (6144K), 6 survivors (6144K)
 Metaspace       used 118965K, committed 121344K, reserved 1179648K
  class space    used 16671K, committed 17856K, reserved 1048576K
}
Event: 61.055 GC heap before
{Heap before GC invocations=44 (full 0):
 garbage-first heap   total 194560K, used 160603K [0x0000000080000000, 0x0000000100000000)
  region size 1024K, 50 young (51200K), 6 survivors (6144K)
 Metaspace       used 119086K, committed 121536K, reserved 1179648K
  class space    used 16676K, committed 17856K, reserved 1048576K
}
Event: 61.074 GC heap after
{Heap after GC invocations=45 (full 0):
 garbage-first heap   total 194560K, used 120832K [0x0000000080000000, 0x0000000100000000)
  region size 1024K, 5 young (5120K), 5 survivors (5120K)
 Metaspace       used 119086K, committed 121536K, reserved 1179648K
  class space    used 16676K, committed 17856K, reserved 1048576K
}
Event: 63.094 GC heap before
{Heap before GC invocations=45 (full 0):
 garbage-first heap   total 194560K, used 174080K [0x0000000080000000, 0x0000000100000000)
  region size 1024K, 58 young (59392K), 5 survivors (5120K)
 Metaspace       used 119795K, committed 122176K, reserved 1179648K
  class space    used 16778K, committed 17920K, reserved 1048576K
}
Event: 63.117 GC heap after
{Heap after GC invocations=46 (full 0):
 garbage-first heap   total 194560K, used 123652K [0x0000000080000000, 0x0000000100000000)
  region size 1024K, 4 young (4096K), 4 survivors (4096K)
 Metaspace       used 119795K, committed 122176K, reserved 1179648K
  class space    used 16778K, committed 17920K, reserved 1048576K
}
Event: 65.115 GC heap before
{Heap before GC invocations=46 (full 0):
 garbage-first heap   total 194560K, used 176900K [0x0000000080000000, 0x0000000100000000)
  region size 1024K, 57 young (58368K), 4 survivors (4096K)
 Metaspace       used 123796K, committed 126272K, reserved 1179648K
  class space    used 17296K, committed 18496K, reserved 1048576K
}
Event: 65.135 GC heap after
{Heap after GC invocations=47 (full 0):
 garbage-first heap   total 194560K, used 129295K [0x0000000080000000, 0x0000000100000000)
  region size 1024K, 8 young (8192K), 8 survivors (8192K)
 Metaspace       used 123796K, committed 126272K, reserved 1179648K
  class space    used 17296K, committed 18496K, reserved 1048576K
}
Event: 69.713 GC heap before
{Heap before GC invocations=48 (full 0):
 garbage-first heap   total 217088K, used 172303K [0x0000000080000000, 0x0000000100000000)
  region size 1024K, 51 young (52224K), 8 survivors (8192K)
 Metaspace       used 123845K, committed 126272K, reserved 1179648K
  class space    used 17302K, committed 18496K, reserved 1048576K
}
Event: 69.737 GC heap after
{Heap after GC invocations=49 (full 0):
 garbage-first heap   total 217088K, used 133350K [0x0000000080000000, 0x0000000100000000)
  region size 1024K, 4 young (4096K), 4 survivors (4096K)
 Metaspace       used 123845K, committed 126272K, reserved 1179648K
  class space    used 17302K, committed 18496K, reserved 1048576K
}
Event: 74.612 GC heap before
{Heap before GC invocations=49 (full 0):
 garbage-first heap   total 222208K, used 220390K [0x0000000080000000, 0x0000000100000000)
  region size 1024K, 57 young (58368K), 4 survivors (4096K)
 Metaspace       used 124354K, committed 126784K, reserved 1179648K
  class space    used 17355K, committed 18560K, reserved 1048576K
}
Event: 74.630 GC heap after
{Heap after GC invocations=50 (full 0):
 garbage-first heap   total 235520K, used 174754K [0x0000000080000000, 0x0000000100000000)
  region size 1024K, 9 young (9216K), 9 survivors (9216K)
 Metaspace       used 124354K, committed 126784K, reserved 1179648K
  class space    used 17355K, committed 18560K, reserved 1048576K
}
Event: 77.460 GC heap before
{Heap before GC invocations=50 (full 0):
 garbage-first heap   total 235520K, used 212642K [0x0000000080000000, 0x0000000100000000)
  region size 1024K, 47 young (48128K), 9 survivors (9216K)
 Metaspace       used 127717K, committed 130176K, reserved 1179648K
  class space    used 17781K, committed 18944K, reserved 1048576K
}
Event: 77.489 GC heap after
{Heap after GC invocations=51 (full 0):
 garbage-first heap   total 235520K, used 180507K [0x0000000080000000, 0x0000000100000000)
  region size 1024K, 6 young (6144K), 6 survivors (6144K)
 Metaspace       used 127717K, committed 130176K, reserved 1179648K
  class space    used 17781K, committed 18944K, reserved 1048576K
}
Event: 79.438 GC heap before
{Heap before GC invocations=52 (full 0):
 garbage-first heap   total 368640K, used 281883K [0x0000000080000000, 0x0000000100000000)
  region size 1024K, 35 young (35840K), 6 survivors (6144K)
 Metaspace       used 128239K, committed 130688K, reserved 1179648K
  class space    used 17856K, committed 19008K, reserved 1048576K
}
Event: 79.526 GC heap after
{Heap after GC invocations=53 (full 0):
 garbage-first heap   total 368640K, used 217956K [0x0000000080000000, 0x0000000100000000)
  region size 1024K, 5 young (5120K), 5 survivors (5120K)
 Metaspace       used 128239K, committed 130688K, reserved 1179648K
  class space    used 17856K, committed 19008K, reserved 1048576K
}
Event: 83.031 GC heap before
{Heap before GC invocations=53 (full 0):
 garbage-first heap   total 368640K, used 355172K [0x0000000080000000, 0x0000000100000000)
  region size 1024K, 115 young (117760K), 5 survivors (5120K)
 Metaspace       used 128640K, committed 131136K, reserved 1179648K
  class space    used 17903K, committed 19072K, reserved 1048576K
}
Event: 83.202 GC heap after
{Heap after GC invocations=54 (full 0):
 garbage-first heap   total 410624K, used 273408K [0x0000000080000000, 0x0000000100000000)
  region size 1024K, 15 young (15360K), 15 survivors (15360K)
 Metaspace       used 128640K, committed 131136K, reserved 1179648K
  class space    used 17903K, committed 19072K, reserved 1048576K
}
Event: 83.296 GC heap before
{Heap before GC invocations=54 (full 0):
 garbage-first heap   total 410624K, used 278528K [0x0000000080000000, 0x0000000100000000)
  region size 1024K, 21 young (21504K), 15 survivors (15360K)
 Metaspace       used 128640K, committed 131136K, reserved 1179648K
  class space    used 17903K, committed 19072K, reserved 1048576K
}

